<?xml version="1.0" encoding="UTF-8"?>
<!-- Generated by org.testng.reporters.JUnitReportReporter -->
<testsuite skipped="0" hostname="abcd-PC" name="Anu.ayush.AppiumTest" tests="2" failures="0" timestamp="2020-06-26T09:56:57 IST" time="0.000" errors="0">
  <testcase name="test3" time="0.000" classname="Anu.ayush.AppiumTest"/>
  <system-out/>
  <testcase name="test4" time="0.000" classname="Anu.ayush.AppiumTest"/>
  <system-out/>
</testsuite> <!-- Anu.ayush.AppiumTest -->
