<?xml version="1.0" encoding="UTF-8"?>
<!-- Generated by org.testng.reporters.JUnitReportReporter -->
<testsuite skipped="0" hostname="abcd-PC" name="Anu.ayush.RestAPITest" tests="2" failures="0" timestamp="2020-06-26T09:58:09 IST" time="0.009" errors="0">
  <testcase name="test6" time="0.002" classname="Anu.ayush.RestAPITest"/>
  <system-out/>
  <testcase name="test5" time="0.007" classname="Anu.ayush.RestAPITest"/>
  <system-out/>
</testsuite> <!-- Anu.ayush.RestAPITest -->
