<?xml version="1.0" encoding="UTF-8"?>
<!-- Generated by org.testng.reporters.JUnitReportReporter -->
<testsuite skipped="0" hostname="abcd-PC" name="Anu.ayush.SeleniumTest" tests="2" failures="0" timestamp="2020-06-26T09:58:09 IST" time="0.001" errors="0">
  <testcase name="test1" time="0.001" classname="Anu.ayush.SeleniumTest"/>
  <system-out/>
  <testcase name="test2" time="0.000" classname="Anu.ayush.SeleniumTest"/>
  <system-out/>
</testsuite> <!-- Anu.ayush.SeleniumTest -->
